<?xml version="1.0" encoding="UTF-8"?>
<!-- Generated by org.testng.reporters.JUnitReportReporter -->
<testsuite hostname="ADVINDLP70" failures="0" tests="2" name="ADV.EMCO.login2" time="15.931" errors="0" timestamp="2020-10-20T16:32:53 IST" skipped="0">
  <testcase classname="ADV.EMCO.login2" name="emcoLogin" time="15.929"/>
  <system-out/>
  <testcase classname="ADV.EMCO.login2" name="projectManagement" time="0.002"/>
  <system-out/>
</testsuite> <!-- ADV.EMCO.login2 -->
