<?xml version="1.0" encoding="UTF-8"?>
<!-- Generated by org.testng.reporters.JUnitReportReporter -->
<testsuite hostname="ADVINDLP70" failures="0" tests="1" name="ADV.EMCO.AbsPPC" time="133.428" errors="0" timestamp="2020-11-12T13:56:39 IST" skipped="0">
  <testcase classname="ADV.EMCO.AbsPPC" name="abstraction" time="133.428"/>
  <system-out/>
</testsuite> <!-- ADV.EMCO.AbsPPC -->
