<?xml version="1.0" encoding="UTF-8"?>
<!-- Generated by org.testng.reporters.JUnitReportReporter -->
<testsuite hostname="ADVINDLP70" failures="0" tests="1" name="ADV.EMCO.login" time="26.293" errors="0" timestamp="2020-10-18T14:40:34 IST" skipped="0">
  <testcase classname="ADV.EMCO.login" name="emcoLogin" time="26.293"/>
  <system-out/>
</testsuite> <!-- ADV.EMCO.login -->
