<?xml version="1.0" encoding="UTF-8"?>
<!-- Generated by org.testng.reporters.JUnitReportReporter -->
<testsuite hostname="ADVINDLP70" failures="0" tests="1" name="ADV.EMCO.AbsWCC" time="912.365" errors="0" timestamp="2020-11-12T14:40:59 IST" skipped="0">
  <testcase classname="ADV.EMCO.AbsWCC" name="abstraction" time="912.365"/>
  <system-out/>
</testsuite> <!-- ADV.EMCO.AbsWCC -->
