<?xml version="1.0" encoding="UTF-8"?>
<!-- Generated by org.testng.reporters.JUnitReportReporter -->
<testsuite hostname="ADVINDLP70" failures="0" tests="1" name="ADV.EMCO.AbsCIS" time="2112.839" errors="0" timestamp="2020-11-12T13:08:01 IST" skipped="0">
  <testcase classname="ADV.EMCO.AbsCIS" name="abstraction" time="2112.839"/>
  <system-out/>
</testsuite> <!-- ADV.EMCO.AbsCIS -->
