<?xml version="1.0" encoding="UTF-8"?>
<!-- Generated by org.testng.reporters.JUnitReportReporter -->
<testsuite hostname="ADVINDLP70" failures="0" tests="2" name="ADV.EMCO.HomePage" time="18.991" errors="0" timestamp="2020-10-14T10:19:04 IST" skipped="0">
  <testcase classname="ADV.EMCO.HomePage" name="checkURL" time="9.635"/>
  <system-out/>
  <testcase classname="ADV.EMCO.HomePage" name="checkURL" time="9.356"/>
  <system-out/>
</testsuite> <!-- ADV.EMCO.HomePage -->
