<?xml version="1.0" encoding="UTF-8"?>
<!-- Generated by org.testng.reporters.JUnitReportReporter -->
<testsuite hostname="ADVINDLP70" failures="0" tests="1" name="ADV.EMCO.contact1" time="5.089" errors="0" timestamp="2020-10-14T06:53:12 IST" skipped="0">
  <testcase classname="ADV.EMCO.contact1" name="navigateURL" time="5.089"/>
  <system-out/>
</testsuite> <!-- ADV.EMCO.contact1 -->
