<?xml version="1.0" encoding="UTF-8"?>
<!-- Generated by org.testng.reporters.JUnitReportReporter -->
<testsuite hostname="ADVINDLP70" failures="0" tests="2" name="ADV.EMCO.HomePage" time="31.192" errors="0" timestamp="2020-10-14T12:44:13 IST" skipped="0">
  <testcase classname="ADV.EMCO.HomePage" name="checkURL" time="16.988"/>
  <system-out/>
  <testcase classname="ADV.EMCO.HomePage" name="checkURL" time="14.204"/>
  <system-out/>
</testsuite> <!-- ADV.EMCO.HomePage -->
