<?xml version="1.0" encoding="UTF-8"?>
<!-- Generated by org.testng.reporters.JUnitReportReporter -->
<testsuite hostname="ADVINDLP70" failures="0" tests="1" name="ADV.EMCO.login2" time="24.279" errors="0" timestamp="2020-10-20T11:59:38 IST" skipped="0">
  <testcase classname="ADV.EMCO.login2" name="emcoLogin" time="24.279"/>
  <system-out/>
</testsuite> <!-- ADV.EMCO.login2 -->
